C:\USERS\MAGISTR\DOWNLOADS\~RBN\RBN\RBN\RELEASE\BOOLEAN_FUNCTIONS.OBJ
C:\Users\magistr\Downloads\~rbn\rbn\rbn\Release\cl.command.1.tlog
C:\Users\magistr\Downloads\~rbn\rbn\rbn\Release\CL.read.1.tlog
C:\Users\magistr\Downloads\~rbn\rbn\rbn\Release\CL.write.1.tlog
C:\Users\magistr\Downloads\~rbn\rbn\rbn\Release\dev_find_attractor.cu.cache
C:\Users\magistr\Downloads\~rbn\rbn\rbn\Release\dev_find_attractor.cu.obj
C:\USERS\MAGISTR\DOWNLOADS\~RBN\RBN\RBN\RELEASE\DEV_NETWORK.OBJ
C:\USERS\MAGISTR\DOWNLOADS\~RBN\RBN\RBN\RELEASE\FIND_ATTRACTOR.OBJ
C:\USERS\MAGISTR\DOWNLOADS\~RBN\RBN\RBN\RELEASE\HANDLER.OBJ
C:\USERS\MAGISTR\DOWNLOADS\~RBN\RBN\RBN\RELEASE\HPARAMS.OBJ
C:\USERS\MAGISTR\DOWNLOADS\~RBN\RBN\RBN\RELEASE\HSYSTEM.OBJ
C:\Users\magistr\Downloads\~rbn\rbn\rbn\Release\link.command.1.tlog
C:\Users\magistr\Downloads\~rbn\rbn\rbn\Release\link.read.1.tlog
C:\Users\magistr\Downloads\~rbn\rbn\rbn\Release\link.write.1.tlog
C:\Users\magistr\Downloads\~rbn\rbn\rbn\Release\link-cvtres.read.1.tlog
C:\Users\magistr\Downloads\~rbn\rbn\rbn\Release\link-cvtres.write.1.tlog
C:\Users\magistr\Downloads\~rbn\rbn\rbn\Release\link-pgocvt.read.1.tlog
C:\Users\magistr\Downloads\~rbn\rbn\rbn\Release\link-pgocvt.write.1.tlog
C:\Users\magistr\Downloads\~rbn\rbn\rbn\Release\mt.command.1.tlog
C:\Users\magistr\Downloads\~rbn\rbn\rbn\Release\mt.read.1.tlog
C:\Users\magistr\Downloads\~rbn\rbn\rbn\Release\mt.write.1.tlog
C:\USERS\MAGISTR\DOWNLOADS\~RBN\RBN\RBN\RELEASE\MY_RANDOM.OBJ
C:\USERS\MAGISTR\DOWNLOADS\~RBN\RBN\RBN\RELEASE\NETWORK.OBJ
C:\USERS\MAGISTR\DOWNLOADS\~RBN\RBN\RBN\RELEASE\NODE.OBJ
C:\USERS\MAGISTR\DOWNLOADS\~RBN\RBN\RBN\RELEASE\RBN.EXE.EMBED.MANIFEST
C:\USERS\MAGISTR\DOWNLOADS\~RBN\RBN\RBN\RELEASE\RBN.EXE.EMBED.MANIFEST.RES
C:\USERS\MAGISTR\DOWNLOADS\~RBN\RBN\RBN\RELEASE\RBN.EXE.INTERMEDIATE.MANIFEST
C:\Users\magistr\Downloads\~rbn\rbn\rbn\Release\rbn.write.1.tlog
C:\Users\magistr\Downloads\~rbn\rbn\rbn\Release\rbn_manifest.rc
C:\USERS\MAGISTR\DOWNLOADS\~RBN\RBN\RBN\RELEASE\RBN3.OBJ
C:\Users\magistr\Downloads\~rbn\rbn\rbn\Release\rc.command.1.tlog
C:\Users\magistr\Downloads\~rbn\rbn\rbn\Release\rc.read.1.tlog
C:\Users\magistr\Downloads\~rbn\rbn\rbn\Release\rc.write.1.tlog
C:\USERS\MAGISTR\DOWNLOADS\~RBN\RBN\RBN\RELEASE\VC100.PDB
C:\USERS\MAGISTR\DOWNLOADS\~RBN\RBN\RELEASE\RBN.EXE
C:\USERS\MAGISTR\DOWNLOADS\~RBN\RBN\RELEASE\RBN.PDB
