Build started 13.11.2015 12:12:00.
     1>Project "C:\Users\magistr\Downloads\rbn1\rbn\rbn.vcxproj" on node 2 (build target(s)).
     1>InitializeBuildStatus:
         Touching "Release\rbn.unsuccessfulbuild".
       AddCudaCompileDeps:
         C:\Program Files (x86)\Microsoft Visual Studio 10.0\VC\bin\cl.exe /E /nologo /showIncludes /TP /D__CUDACC__ /DENABLE_GPU_ACCELERATION /DWIN32 /DNDEBUG /D_CONSOLE /D_MBCS /I"C:\Program Files\NVIDIA GPU Computing Toolkit\CUDA\v5.5\include" /I"C:\Program Files\NVIDIA GPU Computing Toolkit\CUDA\v5.5\bin" /I"C:\Program Files\NVIDIA GPU Computing Toolkit\CUDA\v5.5\include" /I. /FIcuda_runtime.h /c C:\Users\magistr\Downloads\rbn1\rbn\gpu_acc\dev_find_attractor.cu 
       AddCudaCompilePropsDeps:
       Skipping target "AddCudaCompilePropsDeps" because all output files are up-to-date with respect to the input files.
       CudaBuild:
         Compiling CUDA source file gpu_acc\dev_find_attractor.cu...
         cmd.exe /C "C:\Users\magistr\AppData\Local\Temp\tmp3d82de9196ac429487f4e186475c29e5.cmd"
         "C:\Program Files\NVIDIA GPU Computing Toolkit\CUDA\v5.5\bin\nvcc.exe" -gencode=arch=compute_10,code=\"sm_10,compute_10\" --use-local-env --cl-version 2010 -ccbin "C:\Program Files (x86)\Microsoft Visual Studio 10.0\VC\bin"  -I"C:\Program Files\NVIDIA GPU Computing Toolkit\CUDA\v5.5\include" -I"C:\Program Files\NVIDIA GPU Computing Toolkit\CUDA\v5.5\include"     --keep-dir Release -maxrregcount=0  --machine 32 --compile -cudart static     -DENABLE_GPU_ACCELERATION -DWIN32 -DNDEBUG -D_CONSOLE -D_MBCS -Xcompiler "/EHsc /W3 /nologo /O2 /Zi  /MD  " -o Release\dev_find_attractor.cu.obj "C:\Users\magistr\Downloads\rbn1\rbn\gpu_acc\dev_find_attractor.cu"
         
         C:\Users\magistr\Downloads\rbn1\rbn>"C:\Program Files\NVIDIA GPU Computing Toolkit\CUDA\v5.5\bin\nvcc.exe" -gencode=arch=compute_10,code=\"sm_10,compute_10\" --use-local-env --cl-version 2010 -ccbin "C:\Program Files (x86)\Microsoft Visual Studio 10.0\VC\bin"  -I"C:\Program Files\NVIDIA GPU Computing Toolkit\CUDA\v5.5\include" -I"C:\Program Files\NVIDIA GPU Computing Toolkit\CUDA\v5.5\include"     --keep-dir Release -maxrregcount=0  --machine 32 --compile -cudart static     -DENABLE_GPU_ACCELERATION -DWIN32 -DNDEBUG -D_CONSOLE -D_MBCS -Xcompiler "/EHsc /W3 /nologo /O2 /Zi  /MD  " -o Release\dev_find_attractor.cu.obj "C:\Users\magistr\Downloads\rbn1\rbn\gpu_acc\dev_find_attractor.cu" 
     1>C:\Program Files\NVIDIA GPU Computing Toolkit\CUDA\v5.5\include\thrust/iterator/iterator_adaptor.h(203): warning C4244: '+=' : conversion from '__int64' to 'int', possible loss of data
                 C:\Program Files\NVIDIA GPU Computing Toolkit\CUDA\v5.5\include\thrust/iterator/iterator_adaptor.h(201) : while compiling class template member function 'void thrust::iterator_adaptor<Derived,Base,Value,System,Traversal,Reference,Difference>::advance(__int64)'
                 with
                 [
                     Derived=thrust::counting_iterator<int,thrust::use_default,thrust::use_default,thrust::use_default>,
                     Base=int,
                     Value=int,
                     System=thrust::any_system_tag,
                     Traversal=thrust::random_access_traversal_tag,
                     Reference=int,
                     Difference=__int64
                 ]
                 C:\Program Files\NVIDIA GPU Computing Toolkit\CUDA\v5.5\include\thrust/iterator/counting_iterator.h(132) : see reference to class template instantiation 'thrust::iterator_adaptor<Derived,Base,Value,System,Traversal,Reference,Difference>' being compiled
                 with
                 [
                     Derived=thrust::counting_iterator<int,thrust::use_default,thrust::use_default,thrust::use_default>,
                     Base=int,
                     Value=int,
                     System=thrust::any_system_tag,
                     Traversal=thrust::random_access_traversal_tag,
                     Reference=int,
                     Difference=__int64
                 ]
                 C:\Program Files\NVIDIA GPU Computing Toolkit\CUDA\v5.5\include\thrust/detail/tuple.inl(371) : see reference to class template instantiation 'thrust::counting_iterator<Incrementable,System,Traversal,Difference>' being compiled
                 with
                 [
                     Incrementable=int,
                     System=thrust::use_default,
                     Traversal=thrust::use_default,
                     Difference=thrust::use_default
                 ]
                 C:\Program Files\NVIDIA GPU Computing Toolkit\CUDA\v5.5\include\thrust/detail/tuple.inl(257) : see reference to class template instantiation 'thrust::detail::cons<HT,TT>' being compiled
                 with
                 [
                     HT=thrust::counting_iterator<int,thrust::use_default,thrust::use_default,thrust::use_default>,
                     TT=thrust::detail::map_tuple_to_cons<thrust::null_type,thrust::null_type,thrust::null_type,thrust::null_type,thrust::null_type,thrust::null_type,thrust::null_type,thrust::null_type,thrust::null_type,thrust::null_type>::type
                 ]
                 C:\Program Files\NVIDIA GPU Computing Toolkit\CUDA\v5.5\include\thrust/tuple.h(197) : see reference to class template instantiation 'thrust::detail::cons<HT,TT>' being compiled
                 with
                 [
                     HT=thrust::transform_iterator<thrust::identity<bool>,thrust::detail::normal_iterator<thrust::device_ptr<int>>,bool,thrust::use_default>,
                     TT=thrust::detail::cons<thrust::counting_iterator<int,thrust::use_default,thrust::use_default,thrust::use_default>,thrust::detail::map_tuple_to_cons<thrust::null_type,thrust::null_type,thrust::null_type,thrust::null_type,thrust::null_type,thrust::null_type,thrust::null_type,thrust::null_type,thrust::null_type,thrust::null_type>::type>
                 ]
                 C:\Program Files\NVIDIA GPU Computing Toolkit\CUDA\v5.5\include\thrust/tuple.h(90) : see reference to class template instantiation 'thrust::tuple<T0,T1,T2,T3,T4,T5,T6,T7,T8,T9>' being compiled
                 with
                 [
                     T0=thrust::transform_iterator<thrust::identity<bool>,thrust::detail::normal_iterator<thrust::device_ptr<int>>,bool,thrust::use_default>,
                     T1=thrust::counting_iterator<int,thrust::use_default,thrust::use_default,thrust::use_default>,
                     T2=thrust::null_type,
                     T3=thrust::null_type,
                     T4=thrust::null_type,
                     T5=thrust::null_type,
                     T6=thrust::null_type,
                     T7=thrust::null_type,
                     T8=thrust::null_type,
                     T9=thrust::null_type
                 ]
                 C:\Program Files\NVIDIA GPU Computing Toolkit\CUDA\v5.5\include\thrust/iterator/detail/zip_iterator_base.h(343) : see reference to class template instantiation 'thrust::tuple_size<T>' being compiled
                 with
                 [
                     T=thrust::tuple<thrust::transform_iterator<thrust::identity<bool>,thrust::detail::normal_iterator<thrust::device_ptr<int>>,bool,thrust::use_default>,thrust::counting_iterator<int,thrust::use_default,thrust::use_default,thrust::use_default>,thrust::null_type,thrust::null_type,thrust::null_type,thrust::null_type,thrust::null_type,thrust::null_type,thrust::null_type,thrust::null_type>
                 ]
                 C:\Program Files\NVIDIA GPU Computing Toolkit\CUDA\v5.5\include\thrust/iterator/detail/zip_iterator_base.h(379) : see reference to class template instantiation 'thrust::detail::zip_iterator_base_ns::tuple_of_iterator_references<IteratorTuple>' being compiled
                 with
                 [
                     IteratorTuple=thrust::tuple<thrust::transform_iterator<thrust::identity<bool>,thrust::detail::normal_iterator<thrust::device_ptr<int>>,bool,thrust::use_default>,thrust::counting_iterator<int,thrust::use_default,thrust::use_default,thrust::use_default>,thrust::null_type,thrust::null_type,thrust::null_type,thrust::null_type,thrust::null_type,thrust::null_type,thrust::null_type,thrust::null_type>
                 ]
                 C:\Program Files\NVIDIA GPU Computing Toolkit\CUDA\v5.5\include\thrust/iterator/zip_iterator.h(140) : see reference to class template instantiation 'thrust::detail::zip_iterator_base<IteratorTuple>' being compiled
                 with
                 [
                     IteratorTuple=thrust::tuple<thrust::transform_iterator<thrust::identity<bool>,thrust::detail::normal_iterator<thrust::device_ptr<int>>,bool,thrust::use_default>,thrust::counting_iterator<int,thrust::use_default,thrust::use_default,thrust::use_default>,thrust::null_type,thrust::null_type,thrust::null_type,thrust::null_type,thrust::null_type,thrust::null_type,thrust::null_type,thrust::null_type>
                 ]
                 C:\Program Files\NVIDIA GPU Computing Toolkit\CUDA\v5.5\include\thrust/system/cuda/detail/reduce.inl(69) : see reference to class template instantiation 'thrust::zip_iterator<IteratorTuple>' being compiled
                 with
                 [
                     IteratorTuple=thrust::tuple<thrust::transform_iterator<thrust::identity<bool>,thrust::detail::normal_iterator<thrust::device_ptr<int>>,bool,thrust::use_default>,thrust::counting_iterator<int,thrust::use_default,thrust::use_default,thrust::use_default>,thrust::null_type,thrust::null_type,thrust::null_type,thrust::null_type,thrust::null_type,thrust::null_type,thrust::null_type,thrust::null_type>
                 ]
                 c:\users\magistr\appdata\local\temp\tmpxft_0000174c_00000000-2_dev_find_attractor.cudafe1.stub.c(57) : see reference to class template instantiation 'thrust::system::cuda::detail::reduce_detail::unordered_reduce_closure<InputIterator,Size,T,OutputIterator,BinaryFunction,Context>' being compiled
                 with
                 [
                     InputIterator=thrust::zip_iterator<thrust::tuple<thrust::transform_iterator<thrust::identity<bool>,thrust::detail::normal_iterator<thrust::device_ptr<int>>,bool,thrust::use_default>,thrust::counting_iterator<int,thrust::use_default,thrust::use_default,thrust::use_default>,thrust::null_type,thrust::null_type,thrust::null_type,thrust::null_type,thrust::null_type,thrust::null_type,thrust::null_type,thrust::null_type>>,
                     Size=int,
                     T=thrust::tuple<bool,int,thrust::null_type,thrust::null_type,thrust::null_type,thrust::null_type,thrust::null_type,thrust::null_type,thrust::null_type,thrust::null_type>,
                     OutputIterator=thrust::detail::normal_iterator<thrust::pointer<thrust::tuple<bool,int,thrust::null_type,thrust::null_type,thrust::null_type,thrust::null_type,thrust::null_type,thrust::null_type,thrust::null_type,thrust::null_type>,thrust::system::cuda::detail::tag,thrust::use_default,thrust::use_default>>,
                     BinaryFunction=thrust::system::detail::generic::find_if_functor<thrust::tuple<bool,int,thrust::null_type,thrust::null_type,thrust::null_type,thrust::null_type,thrust::null_type,thrust::null_type,thrust::null_type,thrust::null_type>>,
                     Context=thrust::system::cuda::detail::detail::blocked_thread_array
                 ]
       ClCompile:
         All outputs are up-to-date.
       ManifestResourceCompile:
         All outputs are up-to-date.
       Link:
         C:\Program Files (x86)\Microsoft Visual Studio 10.0\VC\bin\link.exe /ERRORREPORT:PROMPT /OUT:"C:\Users\magistr\Downloads\rbn1\Release\rbn.exe" /INCREMENTAL /NOLOGO /LIBPATH:"C:\Program Files\NVIDIA GPU Computing Toolkit\CUDA\v5.5\lib\Win32" cudart.lib kernel32.lib user32.lib gdi32.lib winspool.lib comdlg32.lib advapi32.lib shell32.lib ole32.lib oleaut32.lib uuid.lib odbc32.lib odbccp32.lib kernel32.lib user32.lib gdi32.lib winspool.lib comdlg32.lib advapi32.lib shell32.lib ole32.lib oleaut32.lib uuid.lib odbc32.lib odbccp32.lib /MANIFEST /ManifestFile:"Release\rbn.exe.intermediate.manifest" /MANIFESTUAC:"level='asInvoker' uiAccess='false'" /DEBUG /PDB:"C:\Users\magistr\Downloads\rbn1\Release\rbn.pdb" /SUBSYSTEM:CONSOLE /OPT:REF /OPT:ICF /LTCG /TLBID:1 /DYNAMICBASE /NXCOMPAT /IMPLIB:"C:\Users\magistr\Downloads\rbn1\Release\rbn.lib" /MACHINE:X86 Release\dev_find_attractor.cu.obj
         Release\rbn.exe.embed.manifest.res
         Release\boolean_functions.obj
         Release\find_attractor.obj
         Release\dev_network.obj
         Release\handler.obj
         Release\hparams.obj
         Release\hsystem.obj
         Release\my_random.obj
         Release\network.obj
         Release\node.obj
         Release\rbn3.obj
     1>LINK : warning LNK4075: ignoring '/INCREMENTAL' due to '/LTCG' specification
         Generating code
         Finished generating code
       Manifest:
         C:\Program Files (x86)\Microsoft SDKs\Windows\v7.0A\bin\mt.exe /nologo /verbose /out:"Release\rbn.exe.embed.manifest" /manifest Release\rbn.exe.intermediate.manifest
         All outputs are up-to-date.
       LinkEmbedManifest:
         All outputs are up-to-date.
         rbn.vcxproj -> C:\Users\magistr\Downloads\rbn1\Release\rbn.exe
       PostBuildEvent:
         echo copy "C:\Program Files\NVIDIA GPU Computing Toolkit\CUDA\v5.5\bin\cudart*.dll" "C:\Users\magistr\Downloads\rbn1\Release\"
         copy "C:\Program Files\NVIDIA GPU Computing Toolkit\CUDA\v5.5\bin\cudart*.dll" "C:\Users\magistr\Downloads\rbn1\Release\"
         :VCEnd
         copy "C:\Program Files\NVIDIA GPU Computing Toolkit\CUDA\v5.5\bin\cudart*.dll" "C:\Users\magistr\Downloads\rbn1\Release\"
         C:\Program Files\NVIDIA GPU Computing Toolkit\CUDA\v5.5\bin\cudart32_55.dll
         C:\Program Files\NVIDIA GPU Computing Toolkit\CUDA\v5.5\bin\cudart64_55.dll
         Скопировано файлов:         2.
       FinalizeBuildStatus:
         Deleting file "Release\rbn.unsuccessfulbuild".
         Touching "Release\rbn.lastbuildstate".
     1>Done Building Project "C:\Users\magistr\Downloads\rbn1\rbn\rbn.vcxproj" (build target(s)).

Build succeeded.

Time Elapsed 00:00:18.77
